SF:lib/src/bloc/cats/cats_bloc.dart
DA:5,3
DA:7,3
LF:2
LH:2
end_of_record
SF:lib/src/bloc/pets/models/pet_model.dart
DA:5,0
DA:7,0
DA:10,7
DA:24,14
DA:25,42
DA:26,7
DA:27,7
DA:28,7
DA:29,7
DA:32,0
DA:33,0
DA:34,0
DA:35,0
DA:36,0
DA:37,0
DA:40,4
DA:42,48
DA:45,0
DA:46,0
LF:19
LH:9
end_of_record
SF:lib/src/bloc/pets/pets_events.dart
DA:5,0
DA:10,10
LF:2
LH:1
end_of_record
SF:lib/src/bloc/pets/pets_state.dart
DA:11,9
DA:17,10
DA:22,7
DA:24,27
DA:25,14
DA:28,7
DA:31,15
DA:36,0
DA:37,0
DA:38,0
DA:39,0
DA:40,0
LF:12
LH:7
end_of_record
SF:lib/src/data_layer/pets_repository/pets_repository.dart
DA:7,7
DA:13,0
DA:14,0
DA:15,0
DA:16,0
DA:18,0
DA:24,0
DA:25,0
DA:26,0
DA:31,0
DA:32,0
DA:33,0
LF:12
LH:1
end_of_record
SF:lib/src/bloc/auth_bloc/auth_bloc.dart
DA:8,3
DA:9,3
DA:13,3
DA:14,2
DA:16,2
DA:25,2
DA:26,2
DA:27,2
DA:29,2
DA:31,2
DA:32,2
DA:37,1
DA:38,1
DA:39,1
DA:41,1
DA:48,3
DA:49,2
DA:51,2
DA:60,2
DA:61,2
DA:62,2
DA:64,2
DA:65,2
DA:66,2
DA:71,1
DA:72,1
DA:73,1
DA:75,1
LF:28
LH:28
end_of_record
SF:lib/src/bloc/auth_bloc/auth_events.dart
DA:6,0
DA:14,3
DA:25,2
LF:3
LH:2
end_of_record
SF:lib/src/bloc/auth_bloc/auth_state.dart
DA:10,13
DA:20,3
DA:23,3
DA:28,3
DA:31,3
DA:32,11
DA:38,0
DA:39,0
DA:40,0
DA:41,0
DA:42,0
DA:48,11
DA:51,1
DA:56,3
DA:59,3
DA:60,12
DA:66,0
DA:67,0
DA:68,0
DA:69,0
LF:20
LH:11
end_of_record
SF:lib/src/utils/auth_errors.dart
DA:19,9
DA:24,1
DA:25,4
DA:31,9
DA:32,0
DA:41,9
DA:42,0
DA:51,9
DA:52,0
DA:62,9
DA:63,0
DA:72,9
DA:73,0
DA:82,9
DA:83,0
DA:93,9
DA:94,0
DA:103,9
DA:104,0
LF:19
LH:11
end_of_record
SF:lib/generated/intl/messages_all.dart
DA:22,12
DA:23,8
DA:26,4
DA:28,4
DA:29,4
DA:36,4
DA:37,4
DA:38,12
DA:39,0
DA:41,0
DA:43,8
DA:44,4
DA:45,12
DA:46,8
DA:47,4
DA:50,4
DA:52,4
DA:58,4
DA:60,4
DA:62,4
LF:20
LH:18
end_of_record
SF:lib/generated/intl/messages_en.dart
DA:16,12
DA:21,0
DA:24,8
DA:25,4
DA:26,4
LF:5
LH:4
end_of_record
SF:lib/generated/l10n.dart
DA:16,4
DA:20,1
DA:21,1
DA:28,4
DA:29,4
DA:30,0
DA:31,4
DA:32,4
DA:33,12
DA:34,4
DA:35,4
DA:42,3
DA:43,3
DA:44,3
DA:49,3
DA:50,3
DA:54,3
DA:55,3
DA:59,3
DA:64,3
DA:65,3
DA:69,3
DA:75,8
DA:77,4
DA:83,4
DA:84,4
DA:85,4
DA:86,4
DA:87,0
DA:90,4
DA:91,8
DA:92,12
LF:32
LH:30
end_of_record
SF:lib/src/bloc/pets/pets_bloc.dart
DA:9,7
DA:10,7
DA:12,14
DA:13,7
DA:14,7
DA:17,7
DA:18,7
DA:20,14
DA:27,28
DA:28,14
DA:30,4
DA:34,14
DA:35,7
DA:36,7
DA:43,3
DA:44,3
DA:47,6
LF:17
LH:17
end_of_record
SF:lib/src/bloc/dogs/dogs_bloc.dart
DA:5,5
DA:7,5
LF:2
LH:2
end_of_record
SF:lib/src/bloc/home/home_bloc.dart
DA:7,8
DA:8,4
DA:9,2
DA:10,2
DA:14,4
DA:15,2
DA:16,2
LF:7
LH:7
end_of_record
SF:lib/src/bloc/home/home_events.dart
DA:7,0
DA:12,9
DA:17,9
LF:3
LH:2
end_of_record
SF:lib/src/bloc/home/home_state.dart
DA:7,9
DA:11,2
DA:14,2
DA:15,6
DA:21,0
DA:22,0
LF:6
LH:4
end_of_record
SF:lib/src/bloc/pets/models/breed_model.dart
DA:2,7
DA:86,0
DA:128,0
DA:129,0
DA:130,0
DA:131,0
DA:132,0
DA:133,0
DA:134,0
DA:135,0
DA:136,0
DA:137,0
DA:138,0
DA:139,0
DA:140,0
DA:141,0
DA:142,0
DA:143,0
DA:144,0
DA:145,0
DA:146,0
DA:147,0
DA:148,0
DA:149,0
DA:150,0
DA:151,0
DA:152,0
DA:153,0
DA:154,0
DA:155,0
DA:156,0
DA:157,0
DA:158,0
DA:159,0
DA:160,0
DA:161,0
DA:162,0
DA:163,0
DA:164,0
DA:165,0
DA:166,0
DA:167,0
DA:168,0
DA:171,14
DA:172,21
DA:173,17
DA:174,14
DA:175,7
DA:176,7
DA:177,7
DA:178,7
DA:179,7
DA:180,7
DA:181,7
DA:182,7
DA:183,7
DA:184,7
DA:185,7
DA:186,7
DA:187,7
DA:188,7
DA:189,7
DA:190,7
DA:191,7
DA:192,7
DA:193,7
DA:194,7
DA:195,7
DA:196,7
DA:197,7
DA:198,7
DA:199,7
DA:200,7
DA:201,7
DA:202,7
DA:203,7
DA:204,7
DA:205,7
DA:206,7
DA:207,7
DA:208,7
DA:209,7
DA:210,7
DA:211,7
DA:214,0
DA:215,0
DA:216,0
DA:217,0
DA:218,0
DA:219,0
DA:220,0
DA:221,0
DA:222,0
DA:223,0
DA:224,0
DA:225,0
DA:226,0
DA:227,0
DA:228,0
DA:229,0
DA:230,0
DA:231,0
DA:232,0
DA:233,0
DA:234,0
DA:235,0
DA:236,0
DA:237,0
DA:238,0
DA:239,0
DA:240,0
DA:241,0
DA:242,0
DA:243,0
DA:244,0
DA:245,0
DA:246,0
DA:247,0
DA:248,0
DA:249,0
DA:250,0
DA:251,0
DA:252,0
DA:253,0
DA:258,7
DA:266,0
DA:270,0
DA:271,0
DA:272,0
DA:275,14
DA:276,7
DA:277,7
DA:280,0
DA:281,0
DA:282,0
LF:135
LH:46
end_of_record
SF:lib/src/utils/extensions.dart
DA:5,5
DA:7,5
DA:8,10
DA:9,5
DA:10,10
DA:19,0
DA:23,4
DA:28,12
DA:29,12
LF:9
LH:8
end_of_record
SF:lib/src/data_layer/Dio/api_client.dart
DA:11,0
DA:15,0
DA:20,0
DA:21,0
DA:22,0
DA:25,0
DA:26,0
DA:28,0
DA:30,0
DA:33,0
DA:34,0
DA:37,0
DA:43,0
DA:45,0
DA:48,0
DA:49,0
DA:51,0
DA:52,0
DA:55,0
DA:59,0
DA:61,0
DA:62,0
DA:63,0
DA:65,0
DA:68,0
LF:25
LH:0
end_of_record
SF:lib/src/data_layer/Dio/api_result.dart
DA:9,0
DA:11,0
DA:13,0
DA:15,0
DA:17,0
DA:19,0
DA:24,0
DA:26,0
DA:28,0
LF:9
LH:0
end_of_record
SF:lib/src/data_layer/Dio/handling_errors.dart
DA:29,0
DA:31,0
DA:33,0
DA:35,0
DA:37,0
DA:39,0
DA:41,0
DA:43,0
DA:45,0
DA:47,0
DA:49,0
DA:51,0
DA:53,0
DA:55,0
DA:57,0
DA:59,0
DA:61,0
DA:63,0
DA:65,0
DA:66,0
DA:69,0
DA:70,0
DA:71,0
DA:72,0
DA:74,0
DA:75,0
DA:78,0
DA:79,0
DA:81,0
DA:82,0
DA:83,0
DA:84,0
DA:86,0
DA:87,0
DA:89,0
DA:90,0
DA:92,0
DA:93,0
DA:95,0
DA:96,0
DA:98,0
DA:99,0
DA:101,0
DA:102,0
DA:104,0
DA:105,0
DA:108,0
DA:109,0
DA:110,0
DA:114,0
DA:115,0
DA:118,0
DA:119,0
DA:122,0
DA:123,0
DA:125,0
DA:126,0
DA:129,0
DA:130,0
DA:132,0
DA:135,0
DA:136,0
DA:138,0
DA:141,0
DA:142,0
DA:144,0
DA:149,0
DA:150,0
DA:151,0
DA:154,0
DA:156,0
DA:157,0
DA:160,0
DA:163,0
DA:166,0
DA:167,0
DA:169,0
DA:172,0
DA:175,0
DA:178,0
DA:181,0
DA:184,0
DA:187,0
DA:190,0
DA:193,0
DA:196,0
DA:200,0
DA:204,0
DA:207,0
DA:208,0
LF:90
LH:0
end_of_record
SF:lib/src/data_layer/pets_repository/pets_service.dart
DA:7,0
DA:17,0
DA:21,0
DA:22,0
DA:23,0
LF:5
LH:0
end_of_record
SF:lib/src/ui/home_page.dart
DA:13,4
DA:15,3
DA:17,3
DA:18,3
DA:19,3
DA:21,3
DA:22,3
DA:23,1
DA:25,1
DA:26,2
DA:28,1
DA:29,2
DA:33,3
DA:38,3
DA:39,3
DA:41,6
DA:42,9
DA:44,3
DA:46,6
DA:47,9
DA:51,6
LF:21
LH:21
end_of_record
SF:lib/src/ui/pets_list_page.dart
DA:12,10
DA:14,5
DA:16,5
DA:18,5
DA:19,5
DA:20,20
DA:21,10
DA:23,5
DA:26,5
DA:27,0
DA:29,15
DA:30,5
DA:31,5
DA:32,5
DA:33,5
DA:34,2
DA:35,14
DA:36,4
DA:41,5
DA:43,20
DA:44,5
DA:45,15
DA:53,15
DA:62,5
DA:72,10
DA:74,5
DA:76,5
DA:78,5
DA:79,5
DA:81,15
DA:82,15
DA:83,10
DA:93,5
DA:96,5
DA:98,5
DA:100,5
DA:101,5
DA:102,5
DA:103,5
DA:106,5
DA:108,0
DA:110,0
DA:113,0
DA:117,0
DA:119,0
DA:133,5
DA:136,5
DA:138,5
DA:140,5
DA:141,5
DA:142,5
DA:144,5
DA:145,15
DA:146,5
DA:147,5
DA:152,5
DA:162,5
DA:165,5
DA:167,5
DA:169,5
DA:170,5
DA:171,25
LF:62
LH:56
end_of_record
SF:lib/src/ui/login_page.dart
DA:13,2
DA:15,1
DA:17,1
DA:18,1
DA:20,1
DA:21,1
DA:22,1
DA:23,2
DA:28,2
DA:30,1
DA:32,0
DA:37,1
DA:38,2
DA:41,1
DA:42,1
DA:47,1
DA:48,0
DA:49,1
DA:50,1
DA:52,1
DA:54,1
DA:56,1
DA:61,1
DA:62,2
DA:63,1
DA:64,1
DA:65,1
DA:70,1
DA:71,0
LF:29
LH:26
end_of_record
SF:lib/src/ui/widgets/buttons_widgets.dart
DA:7,4
DA:9,2
DA:11,2
DA:13,2
DA:14,2
DA:15,2
DA:16,2
DA:17,2
DA:18,2
DA:19,2
DA:20,2
DA:24,2
DA:25,2
LF:13
LH:13
end_of_record
SF:lib/src/ui/widgets/dialogs/auth_error_dialog.dart
DA:5,0
DA:9,0
DA:11,0
DA:12,0
DA:13,0
LF:5
LH:0
end_of_record
SF:lib/src/ui/widgets/dialogs/loading/loading_dialog.dart
DA:7,2
DA:9,6
DA:11,4
DA:15,2
DA:19,2
DA:22,4
DA:29,2
DA:30,6
DA:31,2
DA:34,2
DA:38,2
DA:39,2
DA:41,2
DA:42,2
DA:43,2
DA:45,2
DA:46,0
DA:47,0
DA:48,0
DA:49,0
DA:50,0
DA:51,0
DA:52,0
DA:53,0
DA:54,0
DA:56,0
DA:58,0
DA:60,0
DA:62,0
DA:63,0
DA:66,0
DA:70,0
DA:71,0
DA:72,0
DA:73,0
DA:74,0
DA:75,0
DA:79,0
DA:93,2
DA:95,2
DA:96,2
DA:97,2
DA:98,2
DA:101,0
DA:102,0
LF:45
LH:21
end_of_record
SF:lib/src/ui/widgets/text_fields_widgets.dart
DA:6,2
DA:9,2
DA:11,2
DA:13,2
DA:15,2
DA:16,2
DA:51,2
DA:54,2
DA:56,2
DA:58,2
DA:60,2
DA:61,2
LF:12
LH:12
end_of_record
SF:lib/src/ui/signup_page.dart
DA:14,2
DA:16,1
DA:18,1
DA:19,1
DA:20,1
DA:21,1
DA:22,1
DA:23,2
DA:28,2
DA:30,1
DA:32,0
DA:37,1
DA:38,2
DA:41,1
DA:42,1
DA:43,1
DA:48,1
DA:49,0
DA:50,1
DA:51,1
DA:53,1
DA:55,1
DA:57,1
DA:62,1
DA:63,2
DA:64,1
DA:65,1
DA:66,1
DA:71,1
DA:72,0
LF:30
LH:27
end_of_record
SF:lib/src/ui/widgets/dialogs/generic_dialog.dart
DA:5,0
DA:11,0
DA:12,0
DA:14,0
DA:15,0
DA:16,0
DA:17,0
DA:18,0
DA:19,0
DA:20,0
DA:21,0
DA:23,0
DA:25,0
DA:28,0
DA:30,0
LF:15
LH:0
end_of_record
SF:lib/src/ui/widgets/dialogs/loading/loading_dialog_controller.dart
DA:11,2
LF:1
LH:1
end_of_record
